  renda.cpp
C:\Program Files\Microsoft Visual Studio\2022\Community\VC\Tools\MSVC\14.44.35207\include\sal.h(241,9): warning C4005: '_At_': マクロが再定義されました。
  (ソース ファイル 'renda.cpp' をコンパイルしています)
      C:\Program Files (x86)\Windows Kits\10\Include\10.0.18362.0\shared\no_sal2.h(28,9):
      '_At_' の以前の定義を確認してください
  
C:\Program Files\Microsoft Visual Studio\2022\Community\VC\Tools\MSVC\14.44.35207\include\sal.h(247,9): warning C4005: '_At_buffer_': マクロが再定義されました。
  (ソース ファイル 'renda.cpp' をコンパイルしています)
      C:\Program Files (x86)\Windows Kits\10\Include\10.0.18362.0\shared\no_sal2.h(32,9):
      '_At_buffer_' の以前の定義を確認してください
  
C:\Program Files\Microsoft Visual Studio\2022\Community\VC\Tools\MSVC\14.44.35207\include\sal.h(251,9): warning C4005: '_When_': マクロが再定義されました。
  (ソース ファイル 'renda.cpp' をコンパイルしています)
      C:\Program Files (x86)\Windows Kits\10\Include\10.0.18362.0\shared\no_sal2.h(24,9):
      '_When_' の以前の定義を確認してください
  
C:\Program Files\Microsoft Visual Studio\2022\Community\VC\Tools\MSVC\14.44.35207\include\sal.h(252,9): warning C4005: '_Group_': マクロが再定義されました。
  (ソース ファイル 'renda.cpp' をコンパイルしています)
      C:\Program Files (x86)\Windows Kits\10\Include\10.0.18362.0\shared\no_sal2.h(36,9):
      '_Group_' の以前の定義を確認してください
  
C:\Program Files\Microsoft Visual Studio\2022\Community\VC\Tools\MSVC\14.44.35207\include\sal.h(256,9): warning C4005: '_Success_': マクロが再定義されました。
  (ソース ファイル 'renda.cpp' をコンパイルしています)
      C:\Program Files (x86)\Windows Kits\10\Include\10.0.18362.0\shared\no_sal2.h(116,9):
      '_Success_' の以前の定義を確認してください
  
C:\Program Files\Microsoft Visual Studio\2022\Community\VC\Tools\MSVC\14.44.35207\include\sal.h(260,9): warning C4005: '_Return_type_success_': マクロが再定義されました。
  (ソース ファイル 'renda.cpp' をコンパイルしています)
      C:\Program Files (x86)\Windows Kits\10\Include\10.0.18362.0\shared\no_sal2.h(120,9):
      '_Return_type_success_' の以前の定義を確認してください
  
C:\Program Files\Microsoft Visual Studio\2022\Community\VC\Tools\MSVC\14.44.35207\include\sal.h(263,9): warning C4005: '_On_failure_': マクロが再定義されました。
  (ソース ファイル 'renda.cpp' をコンパイルしています)
      C:\Program Files (x86)\Windows Kits\10\Include\10.0.18362.0\shared\no_sal2.h(124,9):
      '_On_failure_' の以前の定義を確認してください
  
C:\Program Files\Microsoft Visual Studio\2022\Community\VC\Tools\MSVC\14.44.35207\include\sal.h(267,9): warning C4005: '_Always_': マクロが再定義されました。
  (ソース ファイル 'renda.cpp' をコンパイルしています)
      C:\Program Files (x86)\Windows Kits\10\Include\10.0.18362.0\shared\no_sal2.h(128,9):
      '_Always_' の以前の定義を確認してください
  
C:\Program Files\Microsoft Visual Studio\2022\Community\VC\Tools\MSVC\14.44.35207\include\sal.h(272,9): warning C4005: '_Use_decl_annotations_': マクロが再定義されました。
  (ソース ファイル 'renda.cpp' をコンパイルしています)
      C:\Program Files (x86)\Windows Kits\10\Include\10.0.18362.0\shared\no_sal2.h(132,9):
      '_Use_decl_annotations_' の以前の定義を確認してください
  
C:\Program Files\Microsoft Visual Studio\2022\Community\VC\Tools\MSVC\14.44.35207\include\sal.h(280,9): warning C4005: '_Pre_defensive_': マクロが再定義されました。
  (ソース ファイル 'renda.cpp' をコンパイルしています)
      C:\Program Files (x86)\Windows Kits\10\Include\10.0.18362.0\shared\no_sal2.h(136,9):
      '_Pre_defensive_' の以前の定義を確認してください
  
C:\Program Files\Microsoft Visual Studio\2022\Community\VC\Tools\MSVC\14.44.35207\include\sal.h(281,9): warning C4005: '_Post_defensive_': マクロが再定義されました。
  (ソース ファイル 'renda.cpp' をコンパイルしています)
      C:\Program Files (x86)\Windows Kits\10\Include\10.0.18362.0\shared\no_sal2.h(140,9):
      '_Post_defensive_' の以前の定義を確認してください
  
C:\Program Files\Microsoft Visual Studio\2022\Community\VC\Tools\MSVC\14.44.35207\include\sal.h(283,9): warning C4005: '_In_defensive_': マクロが再定義されました。
  (ソース ファイル 'renda.cpp' をコンパイルしています)
      C:\Program Files (x86)\Windows Kits\10\Include\10.0.18362.0\shared\no_sal2.h(956,9):
      '_In_defensive_' の以前の定義を確認してください
  
C:\Program Files\Microsoft Visual Studio\2022\Community\VC\Tools\MSVC\14.44.35207\include\sal.h(284,9): warning C4005: '_Out_defensive_': マクロが再定義されました。
  (ソース ファイル 'renda.cpp' をコンパイルしています)
      C:\Program Files (x86)\Windows Kits\10\Include\10.0.18362.0\shared\no_sal2.h(960,9):
      '_Out_defensive_' の以前の定義を確認してください
  
C:\Program Files\Microsoft Visual Studio\2022\Community\VC\Tools\MSVC\14.44.35207\include\sal.h(285,9): warning C4005: '_Inout_defensive_': マクロが再定義されました。
  (ソース ファイル 'renda.cpp' をコンパイルしています)
      C:\Program Files (x86)\Windows Kits\10\Include\10.0.18362.0\shared\no_sal2.h(964,9):
      '_Inout_defensive_' の以前の定義を確認してください
  
C:\Program Files\Microsoft Visual Studio\2022\Community\VC\Tools\MSVC\14.44.35207\include\sal.h(292,9): warning C4005: '_Reserved_': マクロが再定義されました。
  (ソース ファイル 'renda.cpp' をコンパイルしています)
      C:\Program Files (x86)\Windows Kits\10\Include\10.0.18362.0\shared\no_sal2.h(1002,9):
      '_Reserved_' の以前の定義を確認してください
  
C:\Program Files\Microsoft Visual Studio\2022\Community\VC\Tools\MSVC\14.44.35207\include\sal.h(296,9): warning C4005: '_Const_': マクロが再定義されました。
  (ソース ファイル 'renda.cpp' をコンパイルしています)
      C:\Program Files (x86)\Windows Kits\10\Include\10.0.18362.0\shared\no_sal2.h(64,9):
      '_Const_' の以前の定義を確認してください
  
C:\Program Files\Microsoft Visual Studio\2022\Community\VC\Tools\MSVC\14.44.35207\include\sal.h(305,9): warning C4005: '_In_': マクロが再定義されました。
  (ソース ファイル 'renda.cpp' をコンパイルしています)
      C:\Program Files (x86)\Windows Kits\10\Include\10.0.18362.0\shared\no_sal2.h(264,9):
      '_In_' の以前の定義を確認してください
  
C:\Program Files\Microsoft Visual Studio\2022\Community\VC\Tools\MSVC\14.44.35207\include\sal.h(306,9): warning C4005: '_In_opt_': マクロが再定義されました。
  (ソース ファイル 'renda.cpp' をコンパイルしています)
      C:\Program Files (x86)\Windows Kits\10\Include\10.0.18362.0\shared\no_sal2.h(372,9):
      '_In_opt_' の以前の定義を確認してください
  
C:\Program Files\Microsoft Visual Studio\2022\Community\VC\Tools\MSVC\14.44.35207\include\sal.h(310,9): warning C4005: '_In_z_': マクロが再定義されました。
  (ソース ファイル 'renda.cpp' をコンパイルしています)
      C:\Program Files (x86)\Windows Kits\10\Include\10.0.18362.0\shared\no_sal2.h(276,9):
      '_In_z_' の以前の定義を確認してください
  
C:\Program Files\Microsoft Visual Studio\2022\Community\VC\Tools\MSVC\14.44.35207\include\sal.h(311,9): warning C4005: '_In_opt_z_': マクロが再定義されました。
  (ソース ファイル 'renda.cpp' をコンパイルしています)
      C:\Program Files (x86)\Windows Kits\10\Include\10.0.18362.0\shared\no_sal2.h(384,9):
      '_In_opt_z_' の以前の定義を確認してください
  
C:\Program Files\Microsoft Visual Studio\2022\Community\VC\Tools\MSVC\14.44.35207\include\sal.h(316,9): warning C4005: '_In_reads_': マクロが再定義されました。
  (ソース ファイル 'renda.cpp' をコンパイルしています)
      C:\Program Files (x86)\Windows Kits\10\Include\10.0.18362.0\shared\no_sal2.h(284,9):
      '_In_reads_' の以前の定義を確認してください
  
C:\Program Files\Microsoft Visual Studio\2022\Community\VC\Tools\MSVC\14.44.35207\include\sal.h(317,9): warning C4005: '_In_reads_opt_': マクロが再定義されました。
  (ソース ファイル 'renda.cpp' をコンパイルしています)
      C:\Program Files (x86)\Windows Kits\10\Include\10.0.18362.0\shared\no_sal2.h(392,9):
      '_In_reads_opt_' の以前の定義を確認してください
  
C:\Program Files\Microsoft Visual Studio\2022\Community\VC\Tools\MSVC\14.44.35207\include\sal.h(318,9): warning C4005: '_In_reads_bytes_': マクロが再定義されました。
  (ソース ファイル 'renda.cpp' をコンパイルしています)
      C:\Program Files (x86)\Windows Kits\10\Include\10.0.18362.0\shared\no_sal2.h(288,9):
      '_In_reads_bytes_' の以前の定義を確認してください
  
C:\Program Files\Microsoft Visual Studio\2022\Community\VC\Tools\MSVC\14.44.35207\include\sal.h(319,9): warning C4005: '_In_reads_bytes_opt_': マクロが再定義されました。
  (ソース ファイル 'renda.cpp' をコンパイルしています)
      C:\Program Files (x86)\Windows Kits\10\Include\10.0.18362.0\shared\no_sal2.h(400,9):
      '_In_reads_bytes_opt_' の以前の定義を確認してください
  
C:\Program Files\Microsoft Visual Studio\2022\Community\VC\Tools\MSVC\14.44.35207\include\sal.h(320,9): warning C4005: '_In_reads_z_': マクロが再定義されました。
  (ソース ファイル 'renda.cpp' をコンパイルしています)
      C:\Program Files (x86)\Windows Kits\10\Include\10.0.18362.0\shared\no_sal2.h(292,9):
      '_In_reads_z_' の以前の定義を確認してください
  
C:\Program Files\Microsoft Visual Studio\2022\Community\VC\Tools\MSVC\14.44.35207\include\sal.h(321,9): warning C4005: '_In_reads_opt_z_': マクロが再定義されました。
  (ソース ファイル 'renda.cpp' をコンパイルしています)
      C:\Program Files (x86)\Windows Kits\10\Include\10.0.18362.0\shared\no_sal2.h(396,9):
      '_In_reads_opt_z_' の以前の定義を確認してください
  
C:\Program Files\Microsoft Visual Studio\2022\Community\VC\Tools\MSVC\14.44.35207\include\sal.h(322,9): warning C4005: '_In_reads_or_z_': マクロが再定義されました。
  (ソース ファイル 'renda.cpp' をコンパイルしています)
      C:\Program Files (x86)\Windows Kits\10\Include\10.0.18362.0\shared\no_sal2.h(296,9):
      '_In_reads_or_z_' の以前の定義を確認してください
  
C:\Program Files\Microsoft Visual Studio\2022\Community\VC\Tools\MSVC\14.44.35207\include\sal.h(328,9): warning C4005: '_In_reads_to_ptr_': マクロが再定義されました。
  (ソース ファイル 'renda.cpp' をコンパイルしています)
      C:\Program Files (x86)\Windows Kits\10\Include\10.0.18362.0\shared\no_sal2.h(356,9):
      '_In_reads_to_ptr_' の以前の定義を確認してください
  
C:\Program Files\Microsoft Visual Studio\2022\Community\VC\Tools\MSVC\14.44.35207\include\sal.h(329,9): warning C4005: '_In_reads_to_ptr_opt_': マクロが再定義されました。
  (ソース ファイル 'renda.cpp' をコンパイルしています)
      C:\Program Files (x86)\Windows Kits\10\Include\10.0.18362.0\shared\no_sal2.h(460,9):
      '_In_reads_to_ptr_opt_' の以前の定義を確認してください
  
C:\Program Files\Microsoft Visual Studio\2022\Community\VC\Tools\MSVC\14.44.35207\include\sal.h(330,9): warning C4005: '_In_reads_to_ptr_z_': マクロが再定義されました。
  (ソース ファイル 'renda.cpp' をコンパイルしています)
      C:\Program Files (x86)\Windows Kits\10\Include\10.0.18362.0\shared\no_sal2.h(360,9):
      '_In_reads_to_ptr_z_' の以前の定義を確認してください
  
C:\Program Files\Microsoft Visual Studio\2022\Community\VC\Tools\MSVC\14.44.35207\include\sal.h(331,9): warning C4005: '_In_reads_to_ptr_opt_z_': マクロが再定義されました。
  (ソース ファイル 'renda.cpp' をコンパイルしています)
      C:\Program Files (x86)\Windows Kits\10\Include\10.0.18362.0\shared\no_sal2.h(464,9):
      '_In_reads_to_ptr_opt_z_' の以前の定義を確認してください
  
C:\Program Files\Microsoft Visual Studio\2022\Community\VC\Tools\MSVC\14.44.35207\include\sal.h(342,9): warning C4005: '_Out_': マクロが再定義されました。
  (ソース ファイル 'renda.cpp' をコンパイルしています)
      C:\Program Files (x86)\Windows Kits\10\Include\10.0.18362.0\shared\no_sal2.h(268,9):
      '_Out_' の以前の定義を確認してください
  
C:\Program Files\Microsoft Visual Studio\2022\Community\VC\Tools\MSVC\14.44.35207\include\sal.h(343,9): warning C4005: '_Out_opt_': マクロが再定義されました。
  (ソース ファイル 'renda.cpp' をコンパイルしています)
      C:\Program Files (x86)\Windows Kits\10\Include\10.0.18362.0\shared\no_sal2.h(376,9):
      '_Out_opt_' の以前の定義を確認してください
  
C:\Program Files\Microsoft Visual Studio\2022\Community\VC\Tools\MSVC\14.44.35207\include\sal.h(345,9): warning C4005: '_Out_writes_': マクロが再定義されました。
  (ソース ファイル 'renda.cpp' をコンパイルしています)
      C:\Program Files (x86)\Windows Kits\10\Include\10.0.18362.0\shared\no_sal2.h(300,9):
      '_Out_writes_' の以前の定義を確認してください
  
C:\Program Files\Microsoft Visual Studio\2022\Community\VC\Tools\MSVC\14.44.35207\include\sal.h(346,9): warning C4005: '_Out_writes_opt_': マクロが再定義されました。
  (ソース ファイル 'renda.cpp' をコンパイルしています)
      C:\Program Files (x86)\Windows Kits\10\Include\10.0.18362.0\shared\no_sal2.h(404,9):
      '_Out_writes_opt_' の以前の定義を確認してください
  
C:\Program Files\Microsoft Visual Studio\2022\Community\VC\Tools\MSVC\14.44.35207\include\sal.h(347,9): warning C4005: '_Out_writes_bytes_': マクロが再定義されました。
  (ソース ファイル 'renda.cpp' をコンパイルしています)
      C:\Program Files (x86)\Windows Kits\10\Include\10.0.18362.0\shared\no_sal2.h(304,9):
      '_Out_writes_bytes_' の以前の定義を確認してください
  
C:\Program Files\Microsoft Visual Studio\2022\Community\VC\Tools\MSVC\14.44.35207\include\sal.h(348,9): warning C4005: '_Out_writes_bytes_opt_': マクロが再定義されました。
  (ソース ファイル 'renda.cpp' をコンパイルしています)
      C:\Program Files (x86)\Windows Kits\10\Include\10.0.18362.0\shared\no_sal2.h(408,9):
      '_Out_writes_bytes_opt_' の以前の定義を確認してください
  
C:\Program Files\Microsoft Visual Studio\2022\Community\VC\Tools\MSVC\14.44.35207\include\sal.h(349,9): warning C4005: '_Out_writes_z_': マクロが再定義されました。
  (ソース ファイル 'renda.cpp' をコンパイルしています)
      C:\Program Files (x86)\Windows Kits\10\Include\10.0.18362.0\shared\no_sal2.h(308,9):
      '_Out_writes_z_' の以前の定義を確認してください
  
C:\Program Files\Microsoft Visual Studio\2022\Community\VC\Tools\MSVC\14.44.35207\include\sal.h(350,9): warning C4005: '_Out_writes_opt_z_': マクロが再定義されました。
  (ソース ファイル 'renda.cpp' をコンパイルしています)
      C:\Program Files (x86)\Windows Kits\10\Include\10.0.18362.0\shared\no_sal2.h(412,9):
      '_Out_writes_opt_z_' の以前の定義を確認してください
  
C:\Program Files\Microsoft Visual Studio\2022\Community\VC\Tools\MSVC\14.44.35207\include\sal.h(352,9): warning C4005: '_Out_writes_to_': マクロが再定義されました。
  (ソース ファイル 'renda.cpp' をコンパイルしています)
      C:\Program Files (x86)\Windows Kits\10\Include\10.0.18362.0\shared\no_sal2.h(324,9):
      '_Out_writes_to_' の以前の定義を確認してください
  
C:\Program Files\Microsoft Visual Studio\2022\Community\VC\Tools\MSVC\14.44.35207\include\sal.h(353,9): warning C4005: '_Out_writes_to_opt_': マクロが再定義されました。
  (ソース ファイル 'renda.cpp' をコンパイルしています)
      C:\Program Files (x86)\Windows Kits\10\Include\10.0.18362.0\shared\no_sal2.h(428,9):
      '_Out_writes_to_opt_' の以前の定義を確認してください
  
C:\Program Files\Microsoft Visual Studio\2022\Community\VC\Tools\MSVC\14.44.35207\include\sal.h(354,9): warning C4005: '_Out_writes_all_': マクロが再定義されました。
  (ソース ファイル 'renda.cpp' をコンパイルしています)
      C:\Program Files (x86)\Windows Kits\10\Include\10.0.18362.0\shared\no_sal2.h(332,9):
      '_Out_writes_all_' の以前の定義を確認してください
  
C:\Program Files\Microsoft Visual Studio\2022\Community\VC\Tools\MSVC\14.44.35207\include\sal.h(355,9): warning C4005: '_Out_writes_all_opt_': マクロが再定義されました。
  (ソース ファイル 'renda.cpp' をコンパイルしています)
      C:\Program Files (x86)\Windows Kits\10\Include\10.0.18362.0\shared\no_sal2.h(436,9):
      '_Out_writes_all_opt_' の以前の定義を確認してください
  
C:\Program Files\Microsoft Visual Studio\2022\Community\VC\Tools\MSVC\14.44.35207\include\sal.h(357,9): warning C4005: '_Out_writes_bytes_to_': マクロが再定義されました。
  (ソース ファイル 'renda.cpp' をコンパイルしています)
      C:\Program Files (x86)\Windows Kits\10\Include\10.0.18362.0\shared\no_sal2.h(328,9):
      '_Out_writes_bytes_to_' の以前の定義を確認してください
  
C:\Program Files\Microsoft Visual Studio\2022\Community\VC\Tools\MSVC\14.44.35207\include\sal.h(358,9): warning C4005: '_Out_writes_bytes_to_opt_': マクロが再定義されました。
  (ソース ファイル 'renda.cpp' をコンパイルしています)
      C:\Program Files (x86)\Windows Kits\10\Include\10.0.18362.0\shared\no_sal2.h(432,9):
      '_Out_writes_bytes_to_opt_' の以前の定義を確認してください
  
C:\Program Files\Microsoft Visual Studio\2022\Community\VC\Tools\MSVC\14.44.35207\include\sal.h(359,9): warning C4005: '_Out_writes_bytes_all_': マクロが再定義されました。
  (ソース ファイル 'renda.cpp' をコンパイルしています)
      C:\Program Files (x86)\Windows Kits\10\Include\10.0.18362.0\shared\no_sal2.h(336,9):
      '_Out_writes_bytes_all_' の以前の定義を確認してください
  
C:\Program Files\Microsoft Visual Studio\2022\Community\VC\Tools\MSVC\14.44.35207\include\sal.h(360,9): warning C4005: '_Out_writes_bytes_all_opt_': マクロが再定義されました。
  (ソース ファイル 'renda.cpp' をコンパイルしています)
      C:\Program Files (x86)\Windows Kits\10\Include\10.0.18362.0\shared\no_sal2.h(440,9):
      '_Out_writes_bytes_all_opt_' の以前の定義を確認してください
  
C:\Program Files\Microsoft Visual Studio\2022\Community\VC\Tools\MSVC\14.44.35207\include\sal.h(362,9): warning C4005: '_Out_writes_to_ptr_': マクロが再定義されました。
  (ソース ファイル 'renda.cpp' をコンパイルしています)
      C:\Program Files (x86)\Windows Kits\10\Include\10.0.18362.0\shared\no_sal2.h(364,9):
      '_Out_writes_to_ptr_' の以前の定義を確認してください
  
C:\Program Files\Microsoft Visual Studio\2022\Community\VC\Tools\MSVC\14.44.35207\include\sal.h(363,9): warning C4005: '_Out_writes_to_ptr_opt_': マクロが再定義されました。
  (ソース ファイル 'renda.cpp' をコンパイルしています)
      C:\Program Files (x86)\Windows Kits\10\Include\10.0.18362.0\shared\no_sal2.h(468,9):
      '_Out_writes_to_ptr_opt_' の以前の定義を確認してください
  
C:\Program Files\Microsoft Visual Studio\2022\Community\VC\Tools\MSVC\14.44.35207\include\sal.h(364,9): warning C4005: '_Out_writes_to_ptr_z_': マクロが再定義されました。
  (ソース ファイル 'renda.cpp' をコンパイルしています)
      C:\Program Files (x86)\Windows Kits\10\Include\10.0.18362.0\shared\no_sal2.h(368,9):
      '_Out_writes_to_ptr_z_' の以前の定義を確認してください
  
C:\Program Files\Microsoft Visual Studio\2022\Community\VC\Tools\MSVC\14.44.35207\include\sal.h(365,9): warning C4005: '_Out_writes_to_ptr_opt_z_': マクロが再定義されました。
  (ソース ファイル 'renda.cpp' をコンパイルしています)
      C:\Program Files (x86)\Windows Kits\10\Include\10.0.18362.0\shared\no_sal2.h(472,9):
      '_Out_writes_to_ptr_opt_z_' の以前の定義を確認してください
  
C:\Program Files\Microsoft Visual Studio\2022\Community\VC\Tools\MSVC\14.44.35207\include\sal.h(375,9): warning C4005: '_Inout_': マクロが再定義されました。
  (ソース ファイル 'renda.cpp' をコンパイルしています)
      C:\Program Files (x86)\Windows Kits\10\Include\10.0.18362.0\shared\no_sal2.h(272,9):
      '_Inout_' の以前の定義を確認してください
  
C:\Program Files\Microsoft Visual Studio\2022\Community\VC\Tools\MSVC\14.44.35207\include\sal.h(376,9): warning C4005: '_Inout_opt_': マクロが再定義されました。
  (ソース ファイル 'renda.cpp' をコンパイルしています)
      C:\Program Files (x86)\Windows Kits\10\Include\10.0.18362.0\shared\no_sal2.h(380,9):
      '_Inout_opt_' の以前の定義を確認してください
  
C:\Program Files\Microsoft Visual Studio\2022\Community\VC\Tools\MSVC\14.44.35207\include\sal.h(380,9): warning C4005: '_Inout_z_': マクロが再定義されました。
  (ソース ファイル 'renda.cpp' をコンパイルしています)
      C:\Program Files (x86)\Windows Kits\10\Include\10.0.18362.0\shared\no_sal2.h(280,9):
      '_Inout_z_' の以前の定義を確認してください
  
C:\Program Files\Microsoft Visual Studio\2022\Community\VC\Tools\MSVC\14.44.35207\include\sal.h(381,9): warning C4005: '_Inout_opt_z_': マクロが再定義されました。
  (ソース ファイル 'renda.cpp' をコンパイルしています)
      C:\Program Files (x86)\Windows Kits\10\Include\10.0.18362.0\shared\no_sal2.h(388,9):
      '_Inout_opt_z_' の以前の定義を確認してください
  
C:\Program Files\Microsoft Visual Studio\2022\Community\VC\Tools\MSVC\14.44.35207\include\sal.h(384,9): warning C4005: '_Inout_updates_': マクロが再定義されました。
  (ソース ファイル 'renda.cpp' をコンパイルしています)
      C:\Program Files (x86)\Windows Kits\10\Include\10.0.18362.0\shared\no_sal2.h(312,9):
      '_Inout_updates_' の以前の定義を確認してください
  
C:\Program Files\Microsoft Visual Studio\2022\Community\VC\Tools\MSVC\14.44.35207\include\sal.h(385,9): warning C4005: '_Inout_updates_opt_': マクロが再定義されました。
  (ソース ファイル 'renda.cpp' をコンパイルしています)
      C:\Program Files (x86)\Windows Kits\10\Include\10.0.18362.0\shared\no_sal2.h(416,9):
      '_Inout_updates_opt_' の以前の定義を確認してください
  
C:\Program Files\Microsoft Visual Studio\2022\Community\VC\Tools\MSVC\14.44.35207\include\sal.h(386,9): warning C4005: '_Inout_updates_z_': マクロが再定義されました。
  (ソース ファイル 'renda.cpp' をコンパイルしています)
      C:\Program Files (x86)\Windows Kits\10\Include\10.0.18362.0\shared\no_sal2.h(320,9):
      '_Inout_updates_z_' の以前の定義を確認してください
  
C:\Program Files\Microsoft Visual Studio\2022\Community\VC\Tools\MSVC\14.44.35207\include\sal.h(387,9): warning C4005: '_Inout_updates_opt_z_': マクロが再定義されました。
  (ソース ファイル 'renda.cpp' をコンパイルしています)
      C:\Program Files (x86)\Windows Kits\10\Include\10.0.18362.0\shared\no_sal2.h(424,9):
      '_Inout_updates_opt_z_' の以前の定義を確認してください
  
C:\Program Files\Microsoft Visual Studio\2022\Community\VC\Tools\MSVC\14.44.35207\include\sal.h(389,9): warning C4005: '_Inout_updates_to_': マクロが再定義されました。
  (ソース ファイル 'renda.cpp' をコンパイルしています)
      C:\Program Files (x86)\Windows Kits\10\Include\10.0.18362.0\shared\no_sal2.h(340,9):
      '_Inout_updates_to_' の以前の定義を確認してください
  
C:\Program Files\Microsoft Visual Studio\2022\Community\VC\Tools\MSVC\14.44.35207\include\sal.h(390,9): warning C4005: '_Inout_updates_to_opt_': マクロが再定義されました。
  (ソース ファイル 'renda.cpp' をコンパイルしています)
      C:\Program Files (x86)\Windows Kits\10\Include\10.0.18362.0\shared\no_sal2.h(444,9):
      '_Inout_updates_to_opt_' の以前の定義を確認してください
  
C:\Program Files\Microsoft Visual Studio\2022\Community\VC\Tools\MSVC\14.44.35207\include\sal.h(392,9): warning C4005: '_Inout_updates_all_': マクロが再定義されました。
  (ソース ファイル 'renda.cpp' をコンパイルしています)
      C:\Program Files (x86)\Windows Kits\10\Include\10.0.18362.0\shared\no_sal2.h(348,9):
      '_Inout_updates_all_' の以前の定義を確認してください
  
C:\Program Files\Microsoft Visual Studio\2022\Community\VC\Tools\MSVC\14.44.35207\include\sal.h(393,9): warning C4005: '_Inout_updates_all_opt_': マクロが再定義されました。
  (ソース ファイル 'renda.cpp' をコンパイルしています)
      C:\Program Files (x86)\Windows Kits\10\Include\10.0.18362.0\shared\no_sal2.h(452,9):
      '_Inout_updates_all_opt_' の以前の定義を確認してください
  
C:\Program Files\Microsoft Visual Studio\2022\Community\VC\Tools\MSVC\14.44.35207\include\sal.h(396,9): warning C4005: '_Inout_updates_bytes_': マクロが再定義されました。
  (ソース ファイル 'renda.cpp' をコンパイルしています)
      C:\Program Files (x86)\Windows Kits\10\Include\10.0.18362.0\shared\no_sal2.h(316,9):
      '_Inout_updates_bytes_' の以前の定義を確認してください
  
C:\Program Files\Microsoft Visual Studio\2022\Community\VC\Tools\MSVC\14.44.35207\include\sal.h(397,9): warning C4005: '_Inout_updates_bytes_opt_': マクロが再定義されました。
  (ソース ファイル 'renda.cpp' をコンパイルしています)
      C:\Program Files (x86)\Windows Kits\10\Include\10.0.18362.0\shared\no_sal2.h(420,9):
      '_Inout_updates_bytes_opt_' の以前の定義を確認してください
  
C:\Program Files\Microsoft Visual Studio\2022\Community\VC\Tools\MSVC\14.44.35207\include\sal.h(399,9): warning C4005: '_Inout_updates_bytes_to_': マクロが再定義されました。
  (ソース ファイル 'renda.cpp' をコンパイルしています)
      C:\Program Files (x86)\Windows Kits\10\Include\10.0.18362.0\shared\no_sal2.h(344,9):
      '_Inout_updates_bytes_to_' の以前の定義を確認してください
  
C:\Program Files\Microsoft Visual Studio\2022\Community\VC\Tools\MSVC\14.44.35207\include\sal.h(400,9): warning C4005: '_Inout_updates_bytes_to_opt_': マクロが再定義されました。
  (ソース ファイル 'renda.cpp' をコンパイルしています)
      C:\Program Files (x86)\Windows Kits\10\Include\10.0.18362.0\shared\no_sal2.h(448,9):
      '_Inout_updates_bytes_to_opt_' の以前の定義を確認してください
  
C:\Program Files\Microsoft Visual Studio\2022\Community\VC\Tools\MSVC\14.44.35207\include\sal.h(402,9): warning C4005: '_Inout_updates_bytes_all_': マクロが再定義されました。
  (ソース ファイル 'renda.cpp' をコンパイルしています)
      C:\Program Files (x86)\Windows Kits\10\Include\10.0.18362.0\shared\no_sal2.h(352,9):
      '_Inout_updates_bytes_all_' の以前の定義を確認してください
  
C:\Program Files\Microsoft Visual Studio\2022\Community\VC\Tools\MSVC\14.44.35207\include\sal.h(403,9): warning C4005: '_Inout_updates_bytes_all_opt_': マクロが再定義されました。
  (ソース ファイル 'renda.cpp' をコンパイルしています)
      C:\Program Files (x86)\Windows Kits\10\Include\10.0.18362.0\shared\no_sal2.h(456,9):
      '_Inout_updates_bytes_all_opt_' の以前の定義を確認してください
  
C:\Program Files\Microsoft Visual Studio\2022\Community\VC\Tools\MSVC\14.44.35207\include\sal.h(424,9): warning C4005: '_Outptr_': マクロが再定義されました。
  (ソース ファイル 'renda.cpp' をコンパイルしています)
      C:\Program Files (x86)\Windows Kits\10\Include\10.0.18362.0\shared\no_sal2.h(476,9):
      '_Outptr_' の以前の定義を確認してください
  
C:\Program Files\Microsoft Visual Studio\2022\Community\VC\Tools\MSVC\14.44.35207\include\sal.h(425,9): warning C4005: '_Outptr_result_maybenull_': マクロが再定義されました。
  (ソース ファイル 'renda.cpp' をコンパイルしています)
      C:\Program Files (x86)\Windows Kits\10\Include\10.0.18362.0\shared\no_sal2.h(484,9):
      '_Outptr_result_maybenull_' の以前の定義を確認してください
  
C:\Program Files\Microsoft Visual Studio\2022\Community\VC\Tools\MSVC\14.44.35207\include\sal.h(426,9): warning C4005: '_Outptr_opt_': マクロが再定義されました。
  (ソース ファイル 'renda.cpp' をコンパイルしています)
      C:\Program Files (x86)\Windows Kits\10\Include\10.0.18362.0\shared\no_sal2.h(480,9):
      '_Outptr_opt_' の以前の定義を確認してください
  
C:\Program Files\Microsoft Visual Studio\2022\Community\VC\Tools\MSVC\14.44.35207\include\sal.h(427,9): warning C4005: '_Outptr_opt_result_maybenull_': マクロが再定義されました。
  (ソース ファイル 'renda.cpp' をコンパイルしています)
      C:\Program Files (x86)\Windows Kits\10\Include\10.0.18362.0\shared\no_sal2.h(488,9):
      '_Outptr_opt_result_maybenull_' の以前の定義を確認してください
  
C:\Program Files\Microsoft Visual Studio\2022\Community\VC\Tools\MSVC\14.44.35207\include\sal.h(431,9): warning C4005: '_Outptr_result_z_': マクロが再定義されました。
  (ソース ファイル 'renda.cpp' をコンパイルしています)
      C:\Program Files (x86)\Windows Kits\10\Include\10.0.18362.0\shared\no_sal2.h(492,9):
      '_Outptr_result_z_' の以前の定義を確認してください
  
C:\Program Files\Microsoft Visual Studio\2022\Community\VC\Tools\MSVC\14.44.35207\include\sal.h(432,9): warning C4005: '_Outptr_opt_result_z_': マクロが再定義されました。
  (ソース ファイル 'renda.cpp' をコンパイルしています)
      C:\Program Files (x86)\Windows Kits\10\Include\10.0.18362.0\shared\no_sal2.h(496,9):
      '_Outptr_opt_result_z_' の以前の定義を確認してください
  
C:\Program Files\Microsoft Visual Studio\2022\Community\VC\Tools\MSVC\14.44.35207\include\sal.h(433,9): warning C4005: '_Outptr_result_maybenull_z_': マクロが再定義されました。
  (ソース ファイル 'renda.cpp' をコンパイルしています)
      C:\Program Files (x86)\Windows Kits\10\Include\10.0.18362.0\shared\no_sal2.h(500,9):
      '_Outptr_result_maybenull_z_' の以前の定義を確認してください
  
C:\Program Files\Microsoft Visual Studio\2022\Community\VC\Tools\MSVC\14.44.35207\include\sal.h(434,9): warning C4005: '_Outptr_opt_result_maybenull_z_': マクロが再定義されました。
  (ソース ファイル 'renda.cpp' をコンパイルしています)
      C:\Program Files (x86)\Windows Kits\10\Include\10.0.18362.0\shared\no_sal2.h(504,9):
      '_Outptr_opt_result_maybenull_z_' の以前の定義を確認してください
  
C:\Program Files\Microsoft Visual Studio\2022\Community\VC\Tools\MSVC\14.44.35207\include\sal.h(438,9): warning C4005: '_Outptr_result_nullonfailure_': マクロが再定義されました。
  (ソース ファイル 'renda.cpp' をコンパイルしています)
      C:\Program Files (x86)\Windows Kits\10\Include\10.0.18362.0\shared\no_sal2.h(968,9):
      '_Outptr_result_nullonfailure_' の以前の定義を確認してください
  
C:\Program Files\Microsoft Visual Studio\2022\Community\VC\Tools\MSVC\14.44.35207\include\sal.h(439,9): warning C4005: '_Outptr_opt_result_nullonfailure_': マクロが再定義されました。
  (ソース ファイル 'renda.cpp' をコンパイルしています)
      C:\Program Files (x86)\Windows Kits\10\Include\10.0.18362.0\shared\no_sal2.h(972,9):
      '_Outptr_opt_result_nullonfailure_' の以前の定義を確認してください
  
C:\Program Files\Microsoft Visual Studio\2022\Community\VC\Tools\MSVC\14.44.35207\include\sal.h(446,9): warning C4005: '_COM_Outptr_': マクロが再定義されました。
  (ソース ファイル 'renda.cpp' をコンパイルしています)
      C:\Program Files (x86)\Windows Kits\10\Include\10.0.18362.0\shared\no_sal2.h(508,9):
      '_COM_Outptr_' の以前の定義を確認してください
  
C:\Program Files\Microsoft Visual Studio\2022\Community\VC\Tools\MSVC\14.44.35207\include\sal.h(447,9): warning C4005: '_COM_Outptr_result_maybenull_': マクロが再定義されました。
  (ソース ファイル 'renda.cpp' をコンパイルしています)
      C:\Program Files (x86)\Windows Kits\10\Include\10.0.18362.0\shared\no_sal2.h(516,9):
      '_COM_Outptr_result_maybenull_' の以前の定義を確認してください
  
C:\Program Files\Microsoft Visual Studio\2022\Community\VC\Tools\MSVC\14.44.35207\include\sal.h(448,9): warning C4005: '_COM_Outptr_opt_': マクロが再定義されました。
  (ソース ファイル 'renda.cpp' をコンパイルしています)
      C:\Program Files (x86)\Windows Kits\10\Include\10.0.18362.0\shared\no_sal2.h(512,9):
      '_COM_Outptr_opt_' の以前の定義を確認してください
  
C:\Program Files\Microsoft Visual Studio\2022\Community\VC\Tools\MSVC\14.44.35207\include\sal.h(449,9): warning C4005: '_COM_Outptr_opt_result_maybenull_': マクロが再定義されました。
  (ソース ファイル 'renda.cpp' をコンパイルしています)
      C:\Program Files (x86)\Windows Kits\10\Include\10.0.18362.0\shared\no_sal2.h(520,9):
      '_COM_Outptr_opt_result_maybenull_' の以前の定義を確認してください
  
C:\Program Files\Microsoft Visual Studio\2022\Community\VC\Tools\MSVC\14.44.35207\include\sal.h(453,9): warning C4005: '_Outptr_result_buffer_': マクロが再定義されました。
  (ソース ファイル 'renda.cpp' をコンパイルしています)
      C:\Program Files (x86)\Windows Kits\10\Include\10.0.18362.0\shared\no_sal2.h(524,9):
      '_Outptr_result_buffer_' の以前の定義を確認してください
  
C:\Program Files\Microsoft Visual Studio\2022\Community\VC\Tools\MSVC\14.44.35207\include\sal.h(454,9): warning C4005: '_Outptr_opt_result_buffer_': マクロが再定義されました。
  (ソース ファイル 'renda.cpp' をコンパイルしています)
      C:\Program Files (x86)\Windows Kits\10\Include\10.0.18362.0\shared\no_sal2.h(540,9):
      '_Outptr_opt_result_buffer_' の以前の定義を確認してください
  
C:\Program Files\Microsoft Visual Studio\2022\Community\VC\Tools\MSVC\14.44.35207\include\sal.h(455,9): warning C4005: '_Outptr_result_buffer_to_': マクロが再定義されました。
  (ソース ファイル 'renda.cpp' をコンパイルしています)
      C:\Program Files (x86)\Windows Kits\10\Include\10.0.18362.0\shared\no_sal2.h(556,9):
      '_Outptr_result_buffer_to_' の以前の定義を確認してください
  
C:\Program Files\Microsoft Visual Studio\2022\Community\VC\Tools\MSVC\14.44.35207\include\sal.h(456,9): warning C4005: '_Outptr_opt_result_buffer_to_': マクロが再定義されました。
  (ソース ファイル 'renda.cpp' をコンパイルしています)
      C:\Program Files (x86)\Windows Kits\10\Include\10.0.18362.0\shared\no_sal2.h(564,9):
      '_Outptr_opt_result_buffer_to_' の以前の定義を確認してください
  
C:\Program Files\Microsoft Visual Studio\2022\Community\VC\Tools\MSVC\14.44.35207\include\sal.h(461,9): warning C4005: '_Outptr_result_buffer_maybenull_': マクロが再定義されました。
  (ソース ファイル 'renda.cpp' をコンパイルしています)
      C:\Program Files (x86)\Windows Kits\10\Include\10.0.18362.0\shared\no_sal2.h(528,9):
      '_Outptr_result_buffer_maybenull_' の以前の定義を確認してください
  
C:\Program Files\Microsoft Visual Studio\2022\Community\VC\Tools\MSVC\14.44.35207\include\sal.h(462,9): warning C4005: '_Outptr_opt_result_buffer_maybenull_': マクロが再定義されました。
  (ソース ファイル 'renda.cpp' をコンパイルしています)
      C:\Program Files (x86)\Windows Kits\10\Include\10.0.18362.0\shared\no_sal2.h(544,9):
      '_Outptr_opt_result_buffer_maybenull_' の以前の定義を確認してください
  
C:\Program Files\Microsoft Visual Studio\2022\Community\VC\Tools\MSVC\14.44.35207\include\sal.h(469,9): warning C4005: '_Outptr_result_bytebuffer_': マクロが再定義されました。
  (ソース ファイル 'renda.cpp' をコンパイルしています)
      C:\Program Files (x86)\Windows Kits\10\Include\10.0.18362.0\shared\no_sal2.h(532,9):
      '_Outptr_result_bytebuffer_' の以前の定義を確認してください
  
C:\Program Files\Microsoft Visual Studio\2022\Community\VC\Tools\MSVC\14.44.35207\include\sal.h(470,9): warning C4005: '_Outptr_opt_result_bytebuffer_': マクロが再定義されました。
  (ソース ファイル 'renda.cpp' をコンパイルしています)
      C:\Program Files (x86)\Windows Kits\10\Include\10.0.18362.0\shared\no_sal2.h(548,9):
      '_Outptr_opt_result_bytebuffer_' の以前の定義を確認してください
  
C:\Program Files\Microsoft Visual Studio\2022\Community\VC\Tools\MSVC\14.44.35207\include\sal.h(471,9): warning C4005: '_Outptr_result_bytebuffer_to_': マクロが再定義されました。
  (ソース ファイル 'renda.cpp' をコンパイルしています)
      C:\Program Files (x86)\Windows Kits\10\Include\10.0.18362.0\shared\no_sal2.h(560,9):
      '_Outptr_result_bytebuffer_to_' の以前の定義を確認してください
  
C:\Program Files\Microsoft Visual Studio\2022\Community\VC\Tools\MSVC\14.44.35207\include\sal.h(472,9): warning C4005: '_Outptr_opt_result_bytebuffer_to_': マクロが再定義されました。
  (ソース ファイル 'renda.cpp' をコンパイルしています)
      C:\Program Files (x86)\Windows Kits\10\Include\10.0.18362.0\shared\no_sal2.h(568,9):
      '_Outptr_opt_result_bytebuffer_to_' の以前の定義を確認してください
  
C:\Program Files\Microsoft Visual Studio\2022\Community\VC\Tools\MSVC\14.44.35207\include\sal.h(477,9): warning C4005: '_Outptr_result_bytebuffer_maybenull_': マクロが再定義されました。
  (ソース ファイル 'renda.cpp' をコンパイルしています)
      C:\Program Files (x86)\Windows Kits\10\Include\10.0.18362.0\shared\no_sal2.h(536,9):
      '_Outptr_result_bytebuffer_maybenull_' の以前の定義を確認してください
  
C:\Program Files\Microsoft Visual Studio\2022\Community\VC\Tools\MSVC\14.44.35207\include\sal.h(478,9): warning C4005: '_Outptr_opt_result_bytebuffer_maybenull_': マクロが再定義されました。
  (ソース ファイル 'renda.cpp' をコンパイルしています)
      C:\Program Files (x86)\Windows Kits\10\Include\10.0.18362.0\shared\no_sal2.h(552,9):
      '_Outptr_opt_result_bytebuffer_maybenull_' の以前の定義を確認してください
  
C:\Program Files\Microsoft Visual Studio\2022\Community\VC\Tools\MSVC\14.44.35207\include\sal.h(487,9): warning C4005: '_Outref_': マクロが再定義されました。
  (ソース ファイル 'renda.cpp' をコンパイルしています)
      C:\Program Files (x86)\Windows Kits\10\Include\10.0.18362.0\shared\no_sal2.h(900,9):
      '_Outref_' の以前の定義を確認してください
  
C:\Program Files\Microsoft Visual Studio\2022\Community\VC\Tools\MSVC\14.44.35207\include\sal.h(488,9): warning C4005: '_Outref_result_maybenull_': マクロが再定義されました。
  (ソース ファイル 'renda.cpp' をコンパイルしています)
      C:\Program Files (x86)\Windows Kits\10\Include\10.0.18362.0\shared\no_sal2.h(904,9):
      '_Outref_result_maybenull_' の以前の定義を確認してください
  
C:\Program Files\Microsoft Visual Studio\2022\Community\VC\Tools\MSVC\14.44.35207\include\sal.h(490,9): warning C4005: '_Outref_result_buffer_': マクロが再定義されました。
  (ソース ファイル 'renda.cpp' をコンパイルしています)
      C:\Program Files (x86)\Windows Kits\10\Include\10.0.18362.0\shared\no_sal2.h(908,9):
      '_Outref_result_buffer_' の以前の定義を確認してください
  
C:\Program Files\Microsoft Visual Studio\2022\Community\VC\Tools\MSVC\14.44.35207\include\sal.h(491,9): warning C4005: '_Outref_result_bytebuffer_': マクロが再定義されました。
  (ソース ファイル 'renda.cpp' をコンパイルしています)
      C:\Program Files (x86)\Windows Kits\10\Include\10.0.18362.0\shared\no_sal2.h(912,9):
      '_Outref_result_bytebuffer_' の以前の定義を確認してください
  
C:\Program Files\Microsoft Visual Studio\2022\Community\VC\Tools\MSVC\14.44.35207\include\sal.h(492,9): warning C4005: '_Outref_result_buffer_to_': マクロが再定義されました。
  (ソース ファイル 'renda.cpp' をコンパイルしています)
      C:\Program Files (x86)\Windows Kits\10\Include\10.0.18362.0\shared\no_sal2.h(916,9):
      '_Outref_result_buffer_to_' の以前の定義を確認してください
  
C:\Program Files\Microsoft Visual Studio\2022\Community\VC\Tools\MSVC\14.44.35207\include\sal.h(493,9): warning C4005: '_Outref_result_bytebuffer_to_': マクロが再定義されました。
  (ソース ファイル 'renda.cpp' をコンパイルしています)
      C:\Program Files (x86)\Windows Kits\10\Include\10.0.18362.0\shared\no_sal2.h(920,9):
      '_Outref_result_bytebuffer_to_' の以前の定義を確認してください
  
C:\Program Files\Microsoft Visual Studio\2022\Community\VC\Tools\MSVC\14.44.35207\include\sal.h(494,9): warning C4005: '_Outref_result_buffer_all_': マクロが再定義されました。
  (ソース ファイル 'renda.cpp' をコンパイルしています)
      C:\Program Files (x86)\Windows Kits\10\Include\10.0.18362.0\shared\no_sal2.h(924,9):
      '_Outref_result_buffer_all_' の以前の定義を確認してください
  
C:\Program Files\Microsoft Visual Studio\2022\Community\VC\Tools\MSVC\14.44.35207\include\sal.h(495,9): warning C4005: '_Outref_result_bytebuffer_all_': マクロが再定義されました。
  (ソース ファイル 'renda.cpp' をコンパイルしています)
      C:\Program Files (x86)\Windows Kits\10\Include\10.0.18362.0\shared\no_sal2.h(928,9):
      '_Outref_result_bytebuffer_all_' の以前の定義を確認してください
  
C:\Program Files\Microsoft Visual Studio\2022\Community\VC\Tools\MSVC\14.44.35207\include\sal.h(497,9): warning C4005: '_Outref_result_buffer_maybenull_': マクロが再定義されました。
  (ソース ファイル 'renda.cpp' をコンパイルしています)
      C:\Program Files (x86)\Windows Kits\10\Include\10.0.18362.0\shared\no_sal2.h(932,9):
      '_Outref_result_buffer_maybenull_' の以前の定義を確認してください
  
C:\Program Files\Microsoft Visual Studio\2022\Community\VC\Tools\MSVC\14.44.35207\include\sal.h(498,9): warning C4005: '_Outref_result_bytebuffer_maybenull_': マクロが再定義されました。
  (ソース ファイル 'renda.cpp' をコンパイルしています)
      C:\Program Files (x86)\Windows Kits\10\Include\10.0.18362.0\shared\no_sal2.h(936,9):
      '_Outref_result_bytebuffer_maybenull_' の以前の定義を確認してください
  
C:\Program Files\Microsoft Visual Studio\2022\Community\VC\Tools\MSVC\14.44.35207\include\sal.h(499,9): warning C4005: '_Outref_result_buffer_to_maybenull_': マクロが再定義されました。
  (ソース ファイル 'renda.cpp' をコンパイルしています)
      C:\Program Files (x86)\Windows Kits\10\Include\10.0.18362.0\shared\no_sal2.h(940,9):
      '_Outref_result_buffer_to_maybenull_' の以前の定義を確認してください
  
C:\Program Files\Microsoft Visual Studio\2022\Community\VC\Tools\MSVC\14.44.35207\include\sal.h(500,9): warning C4005: '_Outref_result_bytebuffer_to_maybenull_': マクロが再定義されました。
  (ソース ファイル 'renda.cpp' をコンパイルしています)
      C:\Program Files (x86)\Windows Kits\10\Include\10.0.18362.0\shared\no_sal2.h(944,9):
      '_Outref_result_bytebuffer_to_maybenull_' の以前の定義を確認してください
  
C:\Program Files\Microsoft Visual Studio\2022\Community\VC\Tools\MSVC\14.44.35207\include\sal.h(501,9): warning C4005: '_Outref_result_buffer_all_maybenull_': マクロが再定義されました。
  (ソース ファイル 'renda.cpp' をコンパイルしています)
      C:\Program Files (x86)\Windows Kits\10\Include\10.0.18362.0\shared\no_sal2.h(948,9):
      '_Outref_result_buffer_all_maybenull_' の以前の定義を確認してください
  
C:\Program Files\Microsoft Visual Studio\2022\Community\VC\Tools\MSVC\14.44.35207\include\sal.h(502,9): warning C4005: '_Outref_result_bytebuffer_all_maybenull_': マクロが再定義されました。
  (ソース ファイル 'renda.cpp' をコンパイルしています)
      C:\Program Files (x86)\Windows Kits\10\Include\10.0.18362.0\shared\no_sal2.h(952,9):
      '_Outref_result_bytebuffer_all_maybenull_' の以前の定義を確認してください
  
C:\Program Files\Microsoft Visual Studio\2022\Community\VC\Tools\MSVC\14.44.35207\include\sal.h(506,9): warning C4005: '_Outref_result_nullonfailure_': マクロが再定義されました。
  (ソース ファイル 'renda.cpp' をコンパイルしています)
      C:\Program Files (x86)\Windows Kits\10\Include\10.0.18362.0\shared\no_sal2.h(976,9):
      '_Outref_result_nullonfailure_' の以前の定義を確認してください
  
C:\Program Files\Microsoft Visual Studio\2022\Community\VC\Tools\MSVC\14.44.35207\include\sal.h(509,9): warning C4005: '_Result_nullonfailure_': マクロが再定義されました。
  (ソース ファイル 'renda.cpp' をコンパイルしています)
      C:\Program Files (x86)\Windows Kits\10\Include\10.0.18362.0\shared\no_sal2.h(980,9):
      '_Result_nullonfailure_' の以前の定義を確認してください
  
C:\Program Files\Microsoft Visual Studio\2022\Community\VC\Tools\MSVC\14.44.35207\include\sal.h(510,9): warning C4005: '_Result_zeroonfailure_': マクロが再定義されました。
  (ソース ファイル 'renda.cpp' をコンパイルしています)
      C:\Program Files (x86)\Windows Kits\10\Include\10.0.18362.0\shared\no_sal2.h(984,9):
      '_Result_zeroonfailure_' の以前の定義を確認してください
  
C:\Program Files\Microsoft Visual Studio\2022\Community\VC\Tools\MSVC\14.44.35207\include\sal.h(521,9): warning C4005: '_Ret_z_': マクロが再定義されました。
  (ソース ファイル 'renda.cpp' をコンパイルしています)
      C:\Program Files (x86)\Windows Kits\10\Include\10.0.18362.0\shared\no_sal2.h(580,9):
      '_Ret_z_' の以前の定義を確認してください
  
C:\Program Files\Microsoft Visual Studio\2022\Community\VC\Tools\MSVC\14.44.35207\include\sal.h(522,9): warning C4005: '_Ret_maybenull_z_': マクロが再定義されました。
  (ソース ファイル 'renda.cpp' をコンパイルしています)
      C:\Program Files (x86)\Windows Kits\10\Include\10.0.18362.0\shared\no_sal2.h(644,9):
      '_Ret_maybenull_z_' の以前の定義を確認してください
  
C:\Program Files\Microsoft Visual Studio\2022\Community\VC\Tools\MSVC\14.44.35207\include\sal.h(525,9): warning C4005: '_Ret_notnull_': マクロが再定義されました。
  (ソース ファイル 'renda.cpp' をコンパイルしています)
      C:\Program Files (x86)\Windows Kits\10\Include\10.0.18362.0\shared\no_sal2.h(636,9):
      '_Ret_notnull_' の以前の定義を確認してください
  
C:\Program Files\Microsoft Visual Studio\2022\Community\VC\Tools\MSVC\14.44.35207\include\sal.h(526,9): warning C4005: '_Ret_maybenull_': マクロが再定義されました。
  (ソース ファイル 'renda.cpp' をコンパイルしています)
      C:\Program Files (x86)\Windows Kits\10\Include\10.0.18362.0\shared\no_sal2.h(640,9):
      '_Ret_maybenull_' の以前の定義を確認してください
  
C:\Program Files\Microsoft Visual Studio\2022\Community\VC\Tools\MSVC\14.44.35207\include\sal.h(527,9): warning C4005: '_Ret_null_': マクロが再定義されました。
  (ソース ファイル 'renda.cpp' をコンパイルしています)
      C:\Program Files (x86)\Windows Kits\10\Include\10.0.18362.0\shared\no_sal2.h(632,9):
      '_Ret_null_' の以前の定義を確認してください
  
C:\Program Files\Microsoft Visual Studio\2022\Community\VC\Tools\MSVC\14.44.35207\include\sal.h(531,9): warning C4005: '_Ret_valid_': マクロが再定義されました。
  (ソース ファイル 'renda.cpp' をコンパイルしています)
      C:\Program Files (x86)\Windows Kits\10\Include\10.0.18362.0\shared\no_sal2.h(576,9):
      '_Ret_valid_' の以前の定義を確認してください
  
C:\Program Files\Microsoft Visual Studio\2022\Community\VC\Tools\MSVC\14.44.35207\include\sal.h(534,9): warning C4005: '_Ret_writes_': マクロが再定義されました。
  (ソース ファイル 'renda.cpp' をコンパイルしています)
      C:\Program Files (x86)\Windows Kits\10\Include\10.0.18362.0\shared\no_sal2.h(584,9):
      '_Ret_writes_' の以前の定義を確認してください
  
C:\Program Files\Microsoft Visual Studio\2022\Community\VC\Tools\MSVC\14.44.35207\include\sal.h(535,9): warning C4005: '_Ret_writes_z_': マクロが再定義されました。
  (ソース ファイル 'renda.cpp' をコンパイルしています)
      C:\Program Files (x86)\Windows Kits\10\Include\10.0.18362.0\shared\no_sal2.h(592,9):
      '_Ret_writes_z_' の以前の定義を確認してください
  
C:\Program Files\Microsoft Visual Studio\2022\Community\VC\Tools\MSVC\14.44.35207\include\sal.h(536,9): warning C4005: '_Ret_writes_bytes_': マクロが再定義されました。
  (ソース ファイル 'renda.cpp' をコンパイルしています)
      C:\Program Files (x86)\Windows Kits\10\Include\10.0.18362.0\shared\no_sal2.h(588,9):
      '_Ret_writes_bytes_' の以前の定義を確認してください
  
C:\Program Files\Microsoft Visual Studio\2022\Community\VC\Tools\MSVC\14.44.35207\include\sal.h(537,9): warning C4005: '_Ret_writes_maybenull_': マクロが再定義されました。
  (ソース ファイル 'renda.cpp' をコンパイルしています)
      C:\Program Files (x86)\Windows Kits\10\Include\10.0.18362.0\shared\no_sal2.h(612,9):
      '_Ret_writes_maybenull_' の以前の定義を確認してください
  
C:\Program Files\Microsoft Visual Studio\2022\Community\VC\Tools\MSVC\14.44.35207\include\sal.h(538,9): warning C4005: '_Ret_writes_maybenull_z_': マクロが再定義されました。
  (ソース ファイル 'renda.cpp' をコンパイルしています)
      C:\Program Files (x86)\Windows Kits\10\Include\10.0.18362.0\shared\no_sal2.h(628,9):
      '_Ret_writes_maybenull_z_' の以前の定義を確認してください
  
C:\Program Files\Microsoft Visual Studio\2022\Community\VC\Tools\MSVC\14.44.35207\include\sal.h(539,9): warning C4005: '_Ret_writes_bytes_maybenull_': マクロが再定義されました。
  (ソース ファイル 'renda.cpp' をコンパイルしています)
      C:\Program Files (x86)\Windows Kits\10\Include\10.0.18362.0\shared\no_sal2.h(616,9):
      '_Ret_writes_bytes_maybenull_' の以前の定義を確認してください
  
C:\Program Files\Microsoft Visual Studio\2022\Community\VC\Tools\MSVC\14.44.35207\include\sal.h(542,9): warning C4005: '_Ret_writes_to_': マクロが再定義されました。
  (ソース ファイル 'renda.cpp' をコンパイルしています)
      C:\Program Files (x86)\Windows Kits\10\Include\10.0.18362.0\shared\no_sal2.h(596,9):
      '_Ret_writes_to_' の以前の定義を確認してください
  
C:\Program Files\Microsoft Visual Studio\2022\Community\VC\Tools\MSVC\14.44.35207\include\sal.h(543,9): warning C4005: '_Ret_writes_bytes_to_': マクロが再定義されました。
  (ソース ファイル 'renda.cpp' をコンパイルしています)
      C:\Program Files (x86)\Windows Kits\10\Include\10.0.18362.0\shared\no_sal2.h(600,9):
      '_Ret_writes_bytes_to_' の以前の定義を確認してください
  
C:\Program Files\Microsoft Visual Studio\2022\Community\VC\Tools\MSVC\14.44.35207\include\sal.h(544,9): warning C4005: '_Ret_writes_to_maybenull_': マクロが再定義されました。
  (ソース ファイル 'renda.cpp' をコンパイルしています)
      C:\Program Files (x86)\Windows Kits\10\Include\10.0.18362.0\shared\no_sal2.h(620,9):
      '_Ret_writes_to_maybenull_' の以前の定義を確認してください
  
C:\Program Files\Microsoft Visual Studio\2022\Community\VC\Tools\MSVC\14.44.35207\include\sal.h(545,9): warning C4005: '_Ret_writes_bytes_to_maybenull_': マクロが再定義されました。
  (ソース ファイル 'renda.cpp' をコンパイルしています)
      C:\Program Files (x86)\Windows Kits\10\Include\10.0.18362.0\shared\no_sal2.h(624,9):
      '_Ret_writes_bytes_to_maybenull_' の以前の定義を確認してください
  
C:\Program Files\Microsoft Visual Studio\2022\Community\VC\Tools\MSVC\14.44.35207\include\sal.h(549,9): warning C4005: '_Points_to_data_': マクロが再定義されました。
  (ソース ファイル 'renda.cpp' をコンパイルしています)
      C:\Program Files (x86)\Windows Kits\10\Include\10.0.18362.0\shared\no_sal2.h(804,9):
      '_Points_to_data_' の以前の定義を確認してください
  
C:\Program Files\Microsoft Visual Studio\2022\Community\VC\Tools\MSVC\14.44.35207\include\sal.h(550,9): warning C4005: '_Literal_': マクロが再定義されました。
  (ソース ファイル 'renda.cpp' をコンパイルしています)
      C:\Program Files (x86)\Windows Kits\10\Include\10.0.18362.0\shared\no_sal2.h(788,9):
      '_Literal_' の以前の定義を確認してください
  
C:\Program Files\Microsoft Visual Studio\2022\Community\VC\Tools\MSVC\14.44.35207\include\sal.h(551,9): warning C4005: '_Notliteral_': マクロが再定義されました。
  (ソース ファイル 'renda.cpp' をコンパイルしています)
      C:\Program Files (x86)\Windows Kits\10\Include\10.0.18362.0\shared\no_sal2.h(792,9):
      '_Notliteral_' の以前の定義を確認してください
  
C:\Program Files\Microsoft Visual Studio\2022\Community\VC\Tools\MSVC\14.44.35207\include\sal.h(554,9): warning C4005: '_Check_return_': マクロが再定義されました。
  (ソース ファイル 'renda.cpp' をコンパイルしています)
      C:\Program Files (x86)\Windows Kits\10\Include\10.0.18362.0\shared\no_sal2.h(68,9):
      '_Check_return_' の以前の定義を確認してください
  
C:\Program Files\Microsoft Visual Studio\2022\Community\VC\Tools\MSVC\14.44.35207\include\sal.h(555,9): warning C4005: '_Must_inspect_result_': マクロが再定義されました。
  (ソース ファイル 'renda.cpp' をコンパイルしています)
      C:\Program Files (x86)\Windows Kits\10\Include\10.0.18362.0\shared\no_sal2.h(72,9):
      '_Must_inspect_result_' の以前の定義を確認してください
  
C:\Program Files\Microsoft Visual Studio\2022\Community\VC\Tools\MSVC\14.44.35207\include\sal.h(558,9): warning C4005: '_Printf_format_string_': マクロが再定義されました。
  (ソース ファイル 'renda.cpp' をコンパイルしています)
      C:\Program Files (x86)\Windows Kits\10\Include\10.0.18362.0\shared\no_sal2.h(696,9):
      '_Printf_format_string_' の以前の定義を確認してください
  
C:\Program Files\Microsoft Visual Studio\2022\Community\VC\Tools\MSVC\14.44.35207\include\sal.h(559,9): warning C4005: '_Scanf_format_string_': マクロが再定義されました。
  (ソース ファイル 'renda.cpp' をコンパイルしています)
      C:\Program Files (x86)\Windows Kits\10\Include\10.0.18362.0\shared\no_sal2.h(700,9):
      '_Scanf_format_string_' の以前の定義を確認してください
  
C:\Program Files\Microsoft Visual Studio\2022\Community\VC\Tools\MSVC\14.44.35207\include\sal.h(560,9): warning C4005: '_Scanf_s_format_string_': マクロが再定義されました。
  (ソース ファイル 'renda.cpp' をコンパイルしています)
      C:\Program Files (x86)\Windows Kits\10\Include\10.0.18362.0\shared\no_sal2.h(704,9):
      '_Scanf_s_format_string_' の以前の定義を確認してください
  
C:\Program Files\Microsoft Visual Studio\2022\Community\VC\Tools\MSVC\14.44.35207\include\sal.h(563,9): warning C4005: '_Printf_format_string_params_': マクロが再定義されました。
  (ソース ファイル 'renda.cpp' をコンパイルしています)
      C:\Program Files (x86)\Windows Kits\10\Include\10.0.18362.0\shared\no_sal2.h(708,9):
      '_Printf_format_string_params_' の以前の定義を確認してください
  
C:\Program Files\Microsoft Visual Studio\2022\Community\VC\Tools\MSVC\14.44.35207\include\sal.h(564,9): warning C4005: '_Scanf_format_string_params_': マクロが再定義されました。
  (ソース ファイル 'renda.cpp' をコンパイルしています)
      C:\Program Files (x86)\Windows Kits\10\Include\10.0.18362.0\shared\no_sal2.h(712,9):
      '_Scanf_format_string_params_' の以前の定義を確認してください
  
C:\Program Files\Microsoft Visual Studio\2022\Community\VC\Tools\MSVC\14.44.35207\include\sal.h(565,9): warning C4005: '_Scanf_s_format_string_params_': マクロが再定義されました。
  (ソース ファイル 'renda.cpp' をコンパイルしています)
      C:\Program Files (x86)\Windows Kits\10\Include\10.0.18362.0\shared\no_sal2.h(716,9):
      '_Scanf_s_format_string_params_' の以前の定義を確認してください
  
C:\Program Files\Microsoft Visual Studio\2022\Community\VC\Tools\MSVC\14.44.35207\include\sal.h(568,9): warning C4005: '_In_range_': マクロが再定義されました。
  (ソース ファイル 'renda.cpp' をコンパイルしています)
      C:\Program Files (x86)\Windows Kits\10\Include\10.0.18362.0\shared\no_sal2.h(720,9):
      '_In_range_' の以前の定義を確認してください
  
C:\Program Files\Microsoft Visual Studio\2022\Community\VC\Tools\MSVC\14.44.35207\include\sal.h(569,9): warning C4005: '_Out_range_': マクロが再定義されました。
  (ソース ファイル 'renda.cpp' をコンパイルしています)
      C:\Program Files (x86)\Windows Kits\10\Include\10.0.18362.0\shared\no_sal2.h(724,9):
      '_Out_range_' の以前の定義を確認してください
  
C:\Program Files\Microsoft Visual Studio\2022\Community\VC\Tools\MSVC\14.44.35207\include\sal.h(570,9): warning C4005: '_Ret_range_': マクロが再定義されました。
  (ソース ファイル 'renda.cpp' をコンパイルしています)
      C:\Program Files (x86)\Windows Kits\10\Include\10.0.18362.0\shared\no_sal2.h(728,9):
      '_Ret_range_' の以前の定義を確認してください
  
C:\Program Files\Microsoft Visual Studio\2022\Community\VC\Tools\MSVC\14.44.35207\include\sal.h(571,9): warning C4005: '_Deref_in_range_': マクロが再定義されました。
  (ソース ファイル 'renda.cpp' をコンパイルしています)
      C:\Program Files (x86)\Windows Kits\10\Include\10.0.18362.0\shared\no_sal2.h(732,9):
      '_Deref_in_range_' の以前の定義を確認してください
  
C:\Program Files\Microsoft Visual Studio\2022\Community\VC\Tools\MSVC\14.44.35207\include\sal.h(572,9): warning C4005: '_Deref_out_range_': マクロが再定義されました。
  (ソース ファイル 'renda.cpp' をコンパイルしています)
      C:\Program Files (x86)\Windows Kits\10\Include\10.0.18362.0\shared\no_sal2.h(736,9):
      '_Deref_out_range_' の以前の定義を確認してください
  
C:\Program Files\Microsoft Visual Studio\2022\Community\VC\Tools\MSVC\14.44.35207\include\sal.h(574,9): warning C4005: '_Pre_equal_to_': マクロが再定義されました。
  (ソース ファイル 'renda.cpp' をコンパイルしています)
      C:\Program Files (x86)\Windows Kits\10\Include\10.0.18362.0\shared\no_sal2.h(748,9):
      '_Pre_equal_to_' の以前の定義を確認してください
  
C:\Program Files\Microsoft Visual Studio\2022\Community\VC\Tools\MSVC\14.44.35207\include\sal.h(575,9): warning C4005: '_Post_equal_to_': マクロが再定義されました。
  (ソース ファイル 'renda.cpp' をコンパイルしています)
      C:\Program Files (x86)\Windows Kits\10\Include\10.0.18362.0\shared\no_sal2.h(752,9):
      '_Post_equal_to_' の以前の定義を確認してください
  
C:\Program Files\Microsoft Visual Studio\2022\Community\VC\Tools\MSVC\14.44.35207\include\sal.h(584,9): warning C4005: '_Pre_satisfies_': マクロが再定義されました。
  (ソース ファイル 'renda.cpp' をコンパイルしています)
      C:\Program Files (x86)\Windows Kits\10\Include\10.0.18362.0\shared\no_sal2.h(76,9):
      '_Pre_satisfies_' の以前の定義を確認してください
  
C:\Program Files\Microsoft Visual Studio\2022\Community\VC\Tools\MSVC\14.44.35207\include\sal.h(585,9): warning C4005: '_Post_satisfies_': マクロが再定義されました。
  (ソース ファイル 'renda.cpp' をコンパイルしています)
      C:\Program Files (x86)\Windows Kits\10\Include\10.0.18362.0\shared\no_sal2.h(80,9):
      '_Post_satisfies_' の以前の定義を確認してください
  
C:\Program Files\Microsoft Visual Studio\2022\Community\VC\Tools\MSVC\14.44.35207\include\sal.h(588,9): warning C4005: '_Struct_size_bytes_': マクロが再定義されました。
  (ソース ファイル 'renda.cpp' をコンパイルしています)
      C:\Program Files (x86)\Windows Kits\10\Include\10.0.18362.0\shared\no_sal2.h(756,9):
      '_Struct_size_bytes_' の以前の定義を確認してください
  
C:\Program Files\Microsoft Visual Studio\2022\Community\VC\Tools\MSVC\14.44.35207\include\sal.h(590,9): warning C4005: '_Field_size_': マクロが再定義されました。
  (ソース ファイル 'renda.cpp' をコンパイルしています)
      C:\Program Files (x86)\Windows Kits\10\Include\10.0.18362.0\shared\no_sal2.h(648,9):
      '_Field_size_' の以前の定義を確認してください
  
C:\Program Files\Microsoft Visual Studio\2022\Community\VC\Tools\MSVC\14.44.35207\include\sal.h(591,9): warning C4005: '_Field_size_opt_': マクロが再定義されました。
  (ソース ファイル 'renda.cpp' をコンパイルしています)
      C:\Program Files (x86)\Windows Kits\10\Include\10.0.18362.0\shared\no_sal2.h(652,9):
      '_Field_size_opt_' の以前の定義を確認してください
  
C:\Program Files\Microsoft Visual Studio\2022\Community\VC\Tools\MSVC\14.44.35207\include\sal.h(592,9): warning C4005: '_Field_size_part_': マクロが再定義されました。
  (ソース ファイル 'renda.cpp' をコンパイルしています)
      C:\Program Files (x86)\Windows Kits\10\Include\10.0.18362.0\shared\no_sal2.h(664,9):
      '_Field_size_part_' の以前の定義を確認してください
  
C:\Program Files\Microsoft Visual Studio\2022\Community\VC\Tools\MSVC\14.44.35207\include\sal.h(593,9): warning C4005: '_Field_size_part_opt_': マクロが再定義されました。
  (ソース ファイル 'renda.cpp' をコンパイルしています)
      C:\Program Files (x86)\Windows Kits\10\Include\10.0.18362.0\shared\no_sal2.h(668,9):
      '_Field_size_part_opt_' の以前の定義を確認してください
  
C:\Program Files\Microsoft Visual Studio\2022\Community\VC\Tools\MSVC\14.44.35207\include\sal.h(594,9): warning C4005: '_Field_size_full_': マクロが再定義されました。
  (ソース ファイル 'renda.cpp' をコンパイルしています)
      C:\Program Files (x86)\Windows Kits\10\Include\10.0.18362.0\shared\no_sal2.h(680,9):
      '_Field_size_full_' の以前の定義を確認してください
  
C:\Program Files\Microsoft Visual Studio\2022\Community\VC\Tools\MSVC\14.44.35207\include\sal.h(595,9): warning C4005: '_Field_size_full_opt_': マクロが再定義されました。
  (ソース ファイル 'renda.cpp' をコンパイルしています)
      C:\Program Files (x86)\Windows Kits\10\Include\10.0.18362.0\shared\no_sal2.h(684,9):
      '_Field_size_full_opt_' の以前の定義を確認してください
  
C:\Program Files\Microsoft Visual Studio\2022\Community\VC\Tools\MSVC\14.44.35207\include\sal.h(597,9): warning C4005: '_Field_size_bytes_': マクロが再定義されました。
  (ソース ファイル 'renda.cpp' をコンパイルしています)
      C:\Program Files (x86)\Windows Kits\10\Include\10.0.18362.0\shared\no_sal2.h(656,9):
      '_Field_size_bytes_' の以前の定義を確認してください
  
C:\Program Files\Microsoft Visual Studio\2022\Community\VC\Tools\MSVC\14.44.35207\include\sal.h(598,9): warning C4005: '_Field_size_bytes_opt_': マクロが再定義されました。
  (ソース ファイル 'renda.cpp' をコンパイルしています)
      C:\Program Files (x86)\Windows Kits\10\Include\10.0.18362.0\shared\no_sal2.h(660,9):
      '_Field_size_bytes_opt_' の以前の定義を確認してください
  
C:\Program Files\Microsoft Visual Studio\2022\Community\VC\Tools\MSVC\14.44.35207\include\sal.h(599,9): warning C4005: '_Field_size_bytes_part_': マクロが再定義されました。
  (ソース ファイル 'renda.cpp' をコンパイルしています)
      C:\Program Files (x86)\Windows Kits\10\Include\10.0.18362.0\shared\no_sal2.h(672,9):
      '_Field_size_bytes_part_' の以前の定義を確認してください
  
C:\Program Files\Microsoft Visual Studio\2022\Community\VC\Tools\MSVC\14.44.35207\include\sal.h(600,9): warning C4005: '_Field_size_bytes_part_opt_': マクロが再定義されました。
  (ソース ファイル 'renda.cpp' をコンパイルしています)
      C:\Program Files (x86)\Windows Kits\10\Include\10.0.18362.0\shared\no_sal2.h(676,9):
      '_Field_size_bytes_part_opt_' の以前の定義を確認してください
  
C:\Program Files\Microsoft Visual Studio\2022\Community\VC\Tools\MSVC\14.44.35207\include\sal.h(601,9): warning C4005: '_Field_size_bytes_full_': マクロが再定義されました。
  (ソース ファイル 'renda.cpp' をコンパイルしています)
      C:\Program Files (x86)\Windows Kits\10\Include\10.0.18362.0\shared\no_sal2.h(688,9):
      '_Field_size_bytes_full_' の以前の定義を確認してください
  
C:\Program Files\Microsoft Visual Studio\2022\Community\VC\Tools\MSVC\14.44.35207\include\sal.h(602,9): warning C4005: '_Field_size_bytes_full_opt_': マクロが再定義されました。
  (ソース ファイル 'renda.cpp' をコンパイルしています)
      C:\Program Files (x86)\Windows Kits\10\Include\10.0.18362.0\shared\no_sal2.h(692,9):
      '_Field_size_bytes_full_opt_' の以前の定義を確認してください
  
C:\Program Files\Microsoft Visual Studio\2022\Community\VC\Tools\MSVC\14.44.35207\include\sal.h(606,9): warning C4005: '_Field_range_': マクロが再定義されました。
  (ソース ファイル 'renda.cpp' をコンパイルしています)
      C:\Program Files (x86)\Windows Kits\10\Include\10.0.18362.0\shared\no_sal2.h(744,9):
      '_Field_range_' の以前の定義を確認してください
  
C:\Program Files\Microsoft Visual Studio\2022\Community\VC\Tools\MSVC\14.44.35207\include\sal.h(616,9): warning C4005: '_Pre_': マクロが再定義されました。
  (ソース ファイル 'renda.cpp' をコンパイルしています)
      C:\Program Files (x86)\Windows Kits\10\Include\10.0.18362.0\shared\no_sal2.h(40,9):
      '_Pre_' の以前の定義を確認してください
  
C:\Program Files\Microsoft Visual Studio\2022\Community\VC\Tools\MSVC\14.44.35207\include\sal.h(617,9): warning C4005: '_Post_': マクロが再定義されました。
  (ソース ファイル 'renda.cpp' をコンパイルしています)
      C:\Program Files (x86)\Windows Kits\10\Include\10.0.18362.0\shared\no_sal2.h(44,9):
      '_Post_' の以前の定義を確認してください
  
C:\Program Files\Microsoft Visual Studio\2022\Community\VC\Tools\MSVC\14.44.35207\include\sal.h(623,9): warning C4005: '_Valid_': マクロが再定義されました。
  (ソース ファイル 'renda.cpp' をコンパイルしています)
      C:\Program Files (x86)\Windows Kits\10\Include\10.0.18362.0\shared\no_sal2.h(108,9):
      '_Valid_' の以前の定義を確認してください
  
C:\Program Files\Microsoft Visual Studio\2022\Community\VC\Tools\MSVC\14.44.35207\include\sal.h(624,9): warning C4005: '_Notvalid_': マクロが再定義されました。
  (ソース ファイル 'renda.cpp' をコンパイルしています)
      C:\Program Files (x86)\Windows Kits\10\Include\10.0.18362.0\shared\no_sal2.h(112,9):
      '_Notvalid_' の以前の定義を確認してください
  
C:\Program Files\Microsoft Visual Studio\2022\Community\VC\Tools\MSVC\14.44.35207\include\sal.h(632,9): warning C4005: '_Readable_bytes_': マクロが再定義されました。
  (ソース ファイル 'renda.cpp' をコンパイルしています)
      C:\Program Files (x86)\Windows Kits\10\Include\10.0.18362.0\shared\no_sal2.h(96,9):
      '_Readable_bytes_' の以前の定義を確認してください
  
C:\Program Files\Microsoft Visual Studio\2022\Community\VC\Tools\MSVC\14.44.35207\include\sal.h(633,9): warning C4005: '_Readable_elements_': マクロが再定義されました。
  (ソース ファイル 'renda.cpp' をコンパイルしています)
      C:\Program Files (x86)\Windows Kits\10\Include\10.0.18362.0\shared\no_sal2.h(92,9):
      '_Readable_elements_' の以前の定義を確認してください
  
C:\Program Files\Microsoft Visual Studio\2022\Community\VC\Tools\MSVC\14.44.35207\include\sal.h(634,9): warning C4005: '_Writable_bytes_': マクロが再定義されました。
  (ソース ファイル 'renda.cpp' をコンパイルしています)
      C:\Program Files (x86)\Windows Kits\10\Include\10.0.18362.0\shared\no_sal2.h(88,9):
      '_Writable_bytes_' の以前の定義を確認してください
  
C:\Program Files\Microsoft Visual Studio\2022\Community\VC\Tools\MSVC\14.44.35207\include\sal.h(635,9): warning C4005: '_Writable_elements_': マクロが再定義されました。
  (ソース ファイル 'renda.cpp' をコンパイルしています)
      C:\Program Files (x86)\Windows Kits\10\Include\10.0.18362.0\shared\no_sal2.h(84,9):
      '_Writable_elements_' の以前の定義を確認してください
  
C:\Program Files\Microsoft Visual Studio\2022\Community\VC\Tools\MSVC\14.44.35207\include\sal.h(637,9): warning C4005: '_Null_terminated_': マクロが再定義されました。
  (ソース ファイル 'renda.cpp' をコンパイルしています)
      C:\Program Files (x86)\Windows Kits\10\Include\10.0.18362.0\shared\no_sal2.h(100,9):
      '_Null_terminated_' の以前の定義を確認してください
  
C:\Program Files\Microsoft Visual Studio\2022\Community\VC\Tools\MSVC\14.44.35207\include\sal.h(638,9): warning C4005: '_NullNull_terminated_': マクロが再定義されました。
  (ソース ファイル 'renda.cpp' をコンパイルしています)
      C:\Program Files (x86)\Windows Kits\10\Include\10.0.18362.0\shared\no_sal2.h(104,9):
      '_NullNull_terminated_' の以前の定義を確認してください
  
C:\Program Files\Microsoft Visual Studio\2022\Community\VC\Tools\MSVC\14.44.35207\include\sal.h(641,9): warning C4005: '_Pre_readable_size_': マクロが再定義されました。
  (ソース ファイル 'renda.cpp' をコンパイルしています)
      C:\Program Files (x86)\Windows Kits\10\Include\10.0.18362.0\shared\no_sal2.h(1026,9):
      '_Pre_readable_size_' の以前の定義を確認してください
  
C:\Program Files\Microsoft Visual Studio\2022\Community\VC\Tools\MSVC\14.44.35207\include\sal.h(642,9): warning C4005: '_Pre_writable_size_': マクロが再定義されました。
  (ソース ファイル 'renda.cpp' をコンパイルしています)
      C:\Program Files (x86)\Windows Kits\10\Include\10.0.18362.0\shared\no_sal2.h(1028,9):
      '_Pre_writable_size_' の以前の定義を確認してください
  
C:\Program Files\Microsoft Visual Studio\2022\Community\VC\Tools\MSVC\14.44.35207\include\sal.h(643,9): warning C4005: '_Pre_readable_byte_size_': マクロが再定義されました。
  (ソース ファイル 'renda.cpp' をコンパイルしています)
      C:\Program Files (x86)\Windows Kits\10\Include\10.0.18362.0\shared\no_sal2.h(1030,9):
      '_Pre_readable_byte_size_' の以前の定義を確認してください
  
C:\Program Files\Microsoft Visual Studio\2022\Community\VC\Tools\MSVC\14.44.35207\include\sal.h(644,9): warning C4005: '_Pre_writable_byte_size_': マクロが再定義されました。
  (ソース ファイル 'renda.cpp' をコンパイルしています)
      C:\Program Files (x86)\Windows Kits\10\Include\10.0.18362.0\shared\no_sal2.h(1032,9):
      '_Pre_writable_byte_size_' の以前の定義を確認してください
  
C:\Program Files\Microsoft Visual Studio\2022\Community\VC\Tools\MSVC\14.44.35207\include\sal.h(646,9): warning C4005: '_Post_readable_size_': マクロが再定義されました。
  (ソース ファイル 'renda.cpp' をコンパイルしています)
      C:\Program Files (x86)\Windows Kits\10\Include\10.0.18362.0\shared\no_sal2.h(1034,9):
      '_Post_readable_size_' の以前の定義を確認してください
  
C:\Program Files\Microsoft Visual Studio\2022\Community\VC\Tools\MSVC\14.44.35207\include\sal.h(647,9): warning C4005: '_Post_writable_size_': マクロが再定義されました。
  (ソース ファイル 'renda.cpp' をコンパイルしています)
      C:\Program Files (x86)\Windows Kits\10\Include\10.0.18362.0\shared\no_sal2.h(1036,9):
      '_Post_writable_size_' の以前の定義を確認してください
  
C:\Program Files\Microsoft Visual Studio\2022\Community\VC\Tools\MSVC\14.44.35207\include\sal.h(648,9): warning C4005: '_Post_readable_byte_size_': マクロが再定義されました。
  (ソース ファイル 'renda.cpp' をコンパイルしています)
      C:\Program Files (x86)\Windows Kits\10\Include\10.0.18362.0\shared\no_sal2.h(1038,9):
      '_Post_readable_byte_size_' の以前の定義を確認してください
  
C:\Program Files\Microsoft Visual Studio\2022\Community\VC\Tools\MSVC\14.44.35207\include\sal.h(649,9): warning C4005: '_Post_writable_byte_size_': マクロが再定義されました。
  (ソース ファイル 'renda.cpp' をコンパイルしています)
      C:\Program Files (x86)\Windows Kits\10\Include\10.0.18362.0\shared\no_sal2.h(1040,9):
      '_Post_writable_byte_size_' の以前の定義を確認してください
  
C:\Program Files\Microsoft Visual Studio\2022\Community\VC\Tools\MSVC\14.44.35207\include\sal.h(654,9): warning C4005: '_Null_': マクロが再定義されました。
  (ソース ファイル 'renda.cpp' をコンパイルしています)
      C:\Program Files (x86)\Windows Kits\10\Include\10.0.18362.0\shared\no_sal2.h(52,9):
      '_Null_' の以前の定義を確認してください
  
C:\Program Files\Microsoft Visual Studio\2022\Community\VC\Tools\MSVC\14.44.35207\include\sal.h(655,9): warning C4005: '_Notnull_': マクロが再定義されました。
  (ソース ファイル 'renda.cpp' をコンパイルしています)
      C:\Program Files (x86)\Windows Kits\10\Include\10.0.18362.0\shared\no_sal2.h(56,9):
      '_Notnull_' の以前の定義を確認してください
  
C:\Program Files\Microsoft Visual Studio\2022\Community\VC\Tools\MSVC\14.44.35207\include\sal.h(656,9): warning C4005: '_Maybenull_': マクロが再定義されました。
  (ソース ファイル 'renda.cpp' をコンパイルしています)
      C:\Program Files (x86)\Windows Kits\10\Include\10.0.18362.0\shared\no_sal2.h(60,9):
      '_Maybenull_' の以前の定義を確認してください
  
C:\Program Files\Microsoft Visual Studio\2022\Community\VC\Tools\MSVC\14.44.35207\include\sal.h(665,9): warning C4005: '_Pre_z_': マクロが再定義されました。
  (ソース ファイル 'renda.cpp' をコンパイルしています)
      C:\Program Files (x86)\Windows Kits\10\Include\10.0.18362.0\shared\no_sal2.h(1004,9):
      '_Pre_z_' の以前の定義を確認してください
  
C:\Program Files\Microsoft Visual Studio\2022\Community\VC\Tools\MSVC\14.44.35207\include\sal.h(668,9): warning C4005: '_Pre_valid_': マクロが再定義されました。
  (ソース ファイル 'renda.cpp' をコンパイルしています)
      C:\Program Files (x86)\Windows Kits\10\Include\10.0.18362.0\shared\no_sal2.h(1016,9):
      '_Pre_valid_' の以前の定義を確認してください
  
C:\Program Files\Microsoft Visual Studio\2022\Community\VC\Tools\MSVC\14.44.35207\include\sal.h(669,9): warning C4005: '_Pre_opt_valid_': マクロが再定義されました。
  (ソース ファイル 'renda.cpp' をコンパイルしています)
      C:\Program Files (x86)\Windows Kits\10\Include\10.0.18362.0\shared\no_sal2.h(1018,9):
      '_Pre_opt_valid_' の以前の定義を確認してください
  
C:\Program Files\Microsoft Visual Studio\2022\Community\VC\Tools\MSVC\14.44.35207\include\sal.h(674,9): warning C4005: '_Pre_unknown_': マクロが再定義されました。
  (ソース ファイル 'renda.cpp' をコンパイルしています)
      C:\Program Files (x86)\Windows Kits\10\Include\10.0.18362.0\shared\no_sal2.h(144,9):
      '_Pre_unknown_' の以前の定義を確認してください
  
C:\Program Files\Microsoft Visual Studio\2022\Community\VC\Tools\MSVC\14.44.35207\include\sal.h(677,9): warning C4005: '_Pre_notnull_': マクロが再定義されました。
  (ソース ファイル 'renda.cpp' をコンパイルしています)
      C:\Program Files (x86)\Windows Kits\10\Include\10.0.18362.0\shared\no_sal2.h(1014,9):
      '_Pre_notnull_' の以前の定義を確認してください
  
C:\Program Files\Microsoft Visual Studio\2022\Community\VC\Tools\MSVC\14.44.35207\include\sal.h(678,9): warning C4005: '_Pre_maybenull_': マクロが再定義されました。
  (ソース ファイル 'renda.cpp' をコンパイルしています)
      C:\Program Files (x86)\Windows Kits\10\Include\10.0.18362.0\shared\no_sal2.h(1012,9):
      '_Pre_maybenull_' の以前の定義を確認してください
  
C:\Program Files\Microsoft Visual Studio\2022\Community\VC\Tools\MSVC\14.44.35207\include\sal.h(679,9): warning C4005: '_Pre_null_': マクロが再定義されました。
  (ソース ファイル 'renda.cpp' をコンパイルしています)
      C:\Program Files (x86)\Windows Kits\10\Include\10.0.18362.0\shared\no_sal2.h(1010,9):
      '_Pre_null_' の以前の定義を確認してください
  
C:\Program Files\Microsoft Visual Studio\2022\Community\VC\Tools\MSVC\14.44.35207\include\sal.h(688,9): warning C4005: '_Post_z_': マクロが再定義されました。
  (ソース ファイル 'renda.cpp' をコンパイルしています)
      C:\Program Files (x86)\Windows Kits\10\Include\10.0.18362.0\shared\no_sal2.h(1006,9):
      '_Post_z_' の以前の定義を確認してください
  
C:\Program Files\Microsoft Visual Studio\2022\Community\VC\Tools\MSVC\14.44.35207\include\sal.h(691,9): warning C4005: '_Post_valid_': マクロが再定義されました。
  (ソース ファイル 'renda.cpp' をコンパイルしています)
      C:\Program Files (x86)\Windows Kits\10\Include\10.0.18362.0\shared\no_sal2.h(1020,9):
      '_Post_valid_' の以前の定義を確認してください
  
C:\Program Files\Microsoft Visual Studio\2022\Community\VC\Tools\MSVC\14.44.35207\include\sal.h(692,9): warning C4005: '_Post_invalid_': マクロが再定義されました。
  (ソース ファイル 'renda.cpp' をコンパイルしています)
      C:\Program Files (x86)\Windows Kits\10\Include\10.0.18362.0\shared\no_sal2.h(1022,9):
      '_Post_invalid_' の以前の定義を確認してください
  
C:\Program Files\Microsoft Visual Studio\2022\Community\VC\Tools\MSVC\14.44.35207\include\sal.h(695,9): warning C4005: '_Post_ptr_invalid_': マクロが再定義されました。
  (ソース ファイル 'renda.cpp' をコンパイルしています)
      C:\Program Files (x86)\Windows Kits\10\Include\10.0.18362.0\shared\no_sal2.h(1024,9):
      '_Post_ptr_invalid_' の以前の定義を確認してください
  
C:\Program Files\Microsoft Visual Studio\2022\Community\VC\Tools\MSVC\14.44.35207\include\sal.h(705,9): warning C4005: '_Prepost_z_': マクロが再定義されました。
  (ソース ファイル 'renda.cpp' をコンパイルしています)
      C:\Program Files (x86)\Windows Kits\10\Include\10.0.18362.0\shared\no_sal2.h(1008,9):
      '_Prepost_z_' の以前の定義を確認してください
  
C:\Program Files\Microsoft Visual Studio\2022\Community\VC\Tools\MSVC\14.44.35207\include\sal.h(996,9): warning C4005: '_Ret_': マクロが再定義されました。
  (ソース ファイル 'renda.cpp' をコンパイルしています)
      C:\Program Files (x86)\Windows Kits\10\Include\10.0.18362.0\shared\no_sal2.h(572,9):
      '_Ret_' の以前の定義を確認してください
  
C:\Program Files\Microsoft Visual Studio\2022\Community\VC\Tools\MSVC\14.44.35207\include\sal.h(2904,9): warning C4005: '_Analysis_noreturn_': マクロが再定義されました。
  (ソース ファイル 'renda.cpp' をコンパイルしています)
      C:\Program Files (x86)\Windows Kits\10\Include\10.0.18362.0\shared\no_sal2.h(772,9):
      '_Analysis_noreturn_' の以前の定義を確認してください
  
C:\Program Files\Microsoft Visual Studio\2022\Community\VC\Tools\MSVC\14.44.35207\include\sal.h(2937,9): warning C4005: '_Analysis_mode_': マクロが再定義されました。
  (ソース ファイル 'renda.cpp' をコンパイルしています)
      C:\Program Files (x86)\Windows Kits\10\Include\10.0.18362.0\shared\no_sal2.h(768,9):
      '_Analysis_mode_' の以前の定義を確認してください
  
C:\Program Files\Microsoft Visual Studio\2022\Community\VC\Tools\MSVC\14.44.35207\include\sal.h(2962,9): warning C4005: '_Function_class_': マクロが再定義されました。
  (ソース ファイル 'renda.cpp' をコンパイルしています)
      C:\Program Files (x86)\Windows Kits\10\Include\10.0.18362.0\shared\no_sal2.h(784,9):
      '_Function_class_' の以前の定義を確認してください
  
C:\Program Files\Microsoft Visual Studio\2022\Community\VC\Tools\MSVC\14.44.35207\include\sal.h(2964,9): warning C4005: '_Enum_is_bitflag_': マクロが再定義されました。
  (ソース ファイル 'renda.cpp' をコンパイルしています)
      C:\Program Files (x86)\Windows Kits\10\Include\10.0.18362.0\shared\no_sal2.h(796,9):
      '_Enum_is_bitflag_' の以前の定義を確認してください
  
C:\Program Files\Microsoft Visual Studio\2022\Community\VC\Tools\MSVC\14.44.35207\include\sal.h(2965,9): warning C4005: '_Strict_type_match_': マクロが再定義されました。
  (ソース ファイル 'renda.cpp' をコンパイルしています)
      C:\Program Files (x86)\Windows Kits\10\Include\10.0.18362.0\shared\no_sal2.h(800,9):
      '_Strict_type_match_' の以前の定義を確認してください
  
C:\Program Files\Microsoft Visual Studio\2022\Community\VC\Tools\MSVC\14.44.35207\include\sal.h(2967,9): warning C4005: '_Maybe_raises_SEH_exception_': マクロが再定義されました。
  (ソース ファイル 'renda.cpp' をコンパイルしています)
      C:\Program Files (x86)\Windows Kits\10\Include\10.0.18362.0\shared\no_sal2.h(780,9):
      '_Maybe_raises_SEH_exception_' の以前の定義を確認してください
  
C:\Program Files\Microsoft Visual Studio\2022\Community\VC\Tools\MSVC\14.44.35207\include\sal.h(2968,9): warning C4005: '_Raises_SEH_exception_': マクロが再定義されました。
  (ソース ファイル 'renda.cpp' をコンパイルしています)
      C:\Program Files (x86)\Windows Kits\10\Include\10.0.18362.0\shared\no_sal2.h(776,9):
      '_Raises_SEH_exception_' の以前の定義を確認してください
  
C:\Program Files\Microsoft Visual Studio\2022\Community\VC\Tools\MSVC\14.44.35207\include\concurrencysal.h(329,9): warning C4005: '_Analysis_assume_same_lock_': マクロが再定義されました。
  (ソース ファイル 'renda.cpp' をコンパイルしています)
      C:\Program Files (x86)\Windows Kits\10\Include\10.0.18362.0\shared\no_sal2.h(260,9):
      '_Analysis_assume_same_lock_' の以前の定義を確認してください
  
C:\Program Files\Microsoft Visual Studio\2022\Community\VC\Tools\MSVC\14.44.35207\include\concurrencysal.h(333,9): warning C4005: '_Benign_race_begin_': マクロが再定義されました。
  (ソース ファイル 'renda.cpp' をコンパイルしています)
      C:\Program Files (x86)\Windows Kits\10\Include\10.0.18362.0\shared\no_sal2.h(184,9):
      '_Benign_race_begin_' の以前の定義を確認してください
  
C:\Program Files\Microsoft Visual Studio\2022\Community\VC\Tools\MSVC\14.44.35207\include\concurrencysal.h(334,9): warning C4005: '_Benign_race_end_': マクロが再定義されました。
  (ソース ファイル 'renda.cpp' をコンパイルしています)
      C:\Program Files (x86)\Windows Kits\10\Include\10.0.18362.0\shared\no_sal2.h(188,9):
      '_Benign_race_end_' の以前の定義を確認してください
  
C:\Program Files\Microsoft Visual Studio\2022\Community\VC\Tools\MSVC\14.44.35207\include\concurrencysal.h(336,9): warning C4005: '_No_competing_thread_begin_': マクロが再定義されました。
  (ソース ファイル 'renda.cpp' をコンパイルしています)
      C:\Program Files (x86)\Windows Kits\10\Include\10.0.18362.0\shared\no_sal2.h(196,9):
      '_No_competing_thread_begin_' の以前の定義を確認してください
  
C:\Program Files\Microsoft Visual Studio\2022\Community\VC\Tools\MSVC\14.44.35207\include\concurrencysal.h(337,9): warning C4005: '_No_competing_thread_end_': マクロが再定義されました。
  (ソース ファイル 'renda.cpp' をコンパイルしています)
      C:\Program Files (x86)\Windows Kits\10\Include\10.0.18362.0\shared\no_sal2.h(200,9):
      '_No_competing_thread_end_' の以前の定義を確認してください
  
C:\Program Files (x86)\Windows Kits\10\Include\10.0.18362.0\shared\driverspecs.h(381,13): warning C4005: '_Kernel_acquires_resource_': マクロが再定義されました。
  (ソース ファイル 'renda.cpp' をコンパイルしています)
      C:\Program Files (x86)\Windows Kits\10\Include\10.0.18362.0\shared\no_sal2.h(876,9):
      '_Kernel_acquires_resource_' の以前の定義を確認してください
  
C:\Program Files (x86)\Windows Kits\10\Include\10.0.18362.0\shared\driverspecs.h(391,13): warning C4005: '_Kernel_releases_resource_': マクロが再定義されました。
  (ソース ファイル 'renda.cpp' をコンパイルしています)
      C:\Program Files (x86)\Windows Kits\10\Include\10.0.18362.0\shared\no_sal2.h(880,9):
      '_Kernel_releases_resource_' の以前の定義を確認してください
  
C:\Program Files (x86)\Windows Kits\10\Include\10.0.18362.0\shared\driverspecs.h(418,13): warning C4005: '_Kernel_requires_resource_held_': マクロが再定義されました。
  (ソース ファイル 'renda.cpp' をコンパイルしています)
      C:\Program Files (x86)\Windows Kits\10\Include\10.0.18362.0\shared\no_sal2.h(884,9):
      '_Kernel_requires_resource_held_' の以前の定義を確認してください
  
C:\Program Files (x86)\Windows Kits\10\Include\10.0.18362.0\shared\driverspecs.h(439,13): warning C4005: '_Kernel_requires_resource_not_held_': マクロが再定義されました。
  (ソース ファイル 'renda.cpp' をコンパイルしています)
      C:\Program Files (x86)\Windows Kits\10\Include\10.0.18362.0\shared\no_sal2.h(888,9):
      '_Kernel_requires_resource_not_held_' の以前の定義を確認してください
  
C:\Program Files (x86)\Windows Kits\10\Include\10.0.18362.0\shared\driverspecs.h(588,13): warning C4005: '_Kernel_clear_do_init_': マクロが再定義されました。
  (ソース ファイル 'renda.cpp' をコンパイルしています)
      C:\Program Files (x86)\Windows Kits\10\Include\10.0.18362.0\shared\no_sal2.h(892,9):
      '_Kernel_clear_do_init_' の以前の定義を確認してください
  
C:\Program Files (x86)\Windows Kits\10\Include\10.0.18362.0\shared\driverspecs.h(594,13): warning C4005: '_Kernel_IoGetDmaAdapter_': マクロが再定義されました。
  (ソース ファイル 'renda.cpp' をコンパイルしています)
      C:\Program Files (x86)\Windows Kits\10\Include\10.0.18362.0\shared\no_sal2.h(896,9):
      '_Kernel_IoGetDmaAdapter_' の以前の定義を確認してください
  
C:\Program Files (x86)\Windows Kits\10\Include\10.0.18362.0\shared\driverspecs.h(724,13): warning C4005: '_Kernel_float_saved_': マクロが再定義されました。
  (ソース ファイル 'renda.cpp' をコンパイルしています)
      C:\Program Files (x86)\Windows Kits\10\Include\10.0.18362.0\shared\no_sal2.h(864,9):
      '_Kernel_float_saved_' の以前の定義を確認してください
  
C:\Program Files (x86)\Windows Kits\10\Include\10.0.18362.0\shared\driverspecs.h(730,13): warning C4005: '_Kernel_float_restored_': マクロが再定義されました。
  (ソース ファイル 'renda.cpp' をコンパイルしています)
      C:\Program Files (x86)\Windows Kits\10\Include\10.0.18362.0\shared\no_sal2.h(868,9):
      '_Kernel_float_restored_' の以前の定義を確認してください
  
C:\Program Files (x86)\Windows Kits\10\Include\10.0.18362.0\shared\driverspecs.h(737,13): warning C4005: '_Kernel_float_used_': マクロが再定義されました。
  (ソース ファイル 'renda.cpp' をコンパイルしています)
      C:\Program Files (x86)\Windows Kits\10\Include\10.0.18362.0\shared\no_sal2.h(872,9):
      '_Kernel_float_used_' の以前の定義を確認してください
  
D:\Element\programing\CPP\winapp\renda\renda\renda.cpp(157,25): warning C4244: '初期化中': 'LRESULT' から 'int' への変換です。データが失われる可能性があります。
  renda.vcxproj -> D:\Element\programing\CPP\winapp\renda\x64\Debug\renda.exe
